  game.cpp
d:\onedrive\studing\cpp\chess\game.cpp(45): warning C4018: <: несоответствие типов со знаком и без знака
d:\onedrive\studing\cpp\chess\game.cpp(46): warning C4018: <: несоответствие типов со знаком и без знака
d:\onedrive\studing\cpp\chess\game.cpp(100): warning C4018: <: несоответствие типов со знаком и без знака
d:\onedrive\studing\cpp\chess\game.cpp(101): warning C4018: <: несоответствие типов со знаком и без знака
d:\onedrive\studing\cpp\chess\game.cpp(96): warning C4996: 'fopen': This function or variable may be unsafe. Consider using fopen_s instead. To disable deprecation, use _CRT_SECURE_NO_WARNINGS. See online help for details.
  d:\windows kits\10\include\10.0.17134.0\ucrt\stdio.h(208): note:  см. объявление "fopen"
d:\onedrive\studing\cpp\chess\game.cpp(130): warning C4018: <: несоответствие типов со знаком и без знака
d:\onedrive\studing\cpp\chess\game.cpp(131): warning C4018: <: несоответствие типов со знаком и без знака
d:\onedrive\studing\cpp\chess\game.cpp(144): warning C4477: "fscanf": в строке форматирования "%s" требуется аргумент типа "char *", но вариативный аргумент "1" имеет тип "const _Elem *"
          with
          [
              _Elem=char
          ]
d:\onedrive\studing\cpp\chess\game.cpp(126): warning C4996: 'fopen': This function or variable may be unsafe. Consider using fopen_s instead. To disable deprecation, use _CRT_SECURE_NO_WARNINGS. See online help for details.
  d:\windows kits\10\include\10.0.17134.0\ucrt\stdio.h(208): note:  см. объявление "fopen"
d:\onedrive\studing\cpp\chess\game.cpp(141): warning C4996: 'fscanf': This function or variable may be unsafe. Consider using fscanf_s instead. To disable deprecation, use _CRT_SECURE_NO_WARNINGS. See online help for details.
  d:\windows kits\10\include\10.0.17134.0\ucrt\stdio.h(1197): note:  см. объявление "fscanf"
d:\onedrive\studing\cpp\chess\game.cpp(144): warning C4996: 'fscanf': This function or variable may be unsafe. Consider using fscanf_s instead. To disable deprecation, use _CRT_SECURE_NO_WARNINGS. See online help for details.
  d:\windows kits\10\include\10.0.17134.0\ucrt\stdio.h(1197): note:  см. объявление "fscanf"
d:\onedrive\studing\cpp\chess\game.cpp(145): warning C4996: 'sscanf': This function or variable may be unsafe. Consider using sscanf_s instead. To disable deprecation, use _CRT_SECURE_NO_WARNINGS. See online help for details.
  d:\windows kits\10\include\10.0.17134.0\ucrt\stdio.h(2263): note:  см. объявление "sscanf"
d:\onedrive\studing\cpp\chess\game.cpp(226): warning C4477: "scanf": в строке форматирования "%s" требуется аргумент типа "char *", но вариативный аргумент "1" имеет тип "const _Elem *"
          with
          [
              _Elem=char
          ]
d:\onedrive\studing\cpp\chess\game.cpp(226): warning C4996: 'scanf': This function or variable may be unsafe. Consider using scanf_s instead. To disable deprecation, use _CRT_SECURE_NO_WARNINGS. See online help for details.
  d:\windows kits\10\include\10.0.17134.0\ucrt\stdio.h(1274): note:  см. объявление "scanf"
d:\onedrive\studing\cpp\chess\game.cpp(228): warning C4996: 'sscanf': This function or variable may be unsafe. Consider using sscanf_s instead. To disable deprecation, use _CRT_SECURE_NO_WARNINGS. See online help for details.
  d:\windows kits\10\include\10.0.17134.0\ucrt\stdio.h(2263): note:  см. объявление "sscanf"
  Chess.vcxproj -> D:\OneDrive\Studing\CPP\Chess\Debug\Chess.exe
